     1                                  bits 32
     2                                  global _interlacing
     3                                  
     4                                  extern _printf
     5                                  
     6                                  segment data public data use32
     7 00000000 25730A0D00                  format_string db "%s", 10, 13, 0
     8                                  segment code public code use32
     9                                  _interlacing:
    10 00000000 55                              push ebp
    11 00000001 89E5                            mov ebp, esp
    12                                          ; s1 = esp + 4
    13                                          ; s2 = esp + 8
    14                                          ; s3 = esp + 12
    15                                          ; s4 = esp + 16
    16                                          ; lens = esp + 20
    17 00000003 8B4C2414                        mov ecx, [esp+20]
    18 00000007 E356                            jecxz final
    19 00000009 8B742408                        mov esi, [esp+8]
    20 0000000D 8B7C240C                        mov edi, [esp+12]
    21                                      first_loop_s3:
    22 00000011 A4                              movsb
    23 00000012 46                              inc esi
    24 00000013 47                              inc edi
    25 00000014 49                              dec ecx
    26 00000015 E302                            jecxz end_first_loop_s3
    27 00000017 E2F8                            loop first_loop_s3
    28                                          
    29                                      end_first_loop_s3:
    30                                          
    31 00000019 8B4C2414                        mov ecx, [esp+20]
    32 0000001D E340                            jecxz final
    33 0000001F 8B742404                        mov esi, [esp+4]
    34 00000023 46                              inc esi
    35 00000024 8B7C240C                        mov edi, [esp+12]
    36 00000028 47                              inc edi
    37                                      second_loop_s3:
    38 00000029 A4                              movsb
    39 0000002A 46                              inc esi
    40 0000002B 47                              inc edi
    41 0000002C 49                              dec ecx
    42 0000002D E302                            jecxz end_second_loop_s3
    43 0000002F E2F8                            loop second_loop_s3
    44                                      
    45                                      end_second_loop_s3:
    46                                      
    47 00000031 8B4C2414                    mov ecx, [esp+20]
    48 00000035 E328                            jecxz final
    49 00000037 8B742404                        mov esi, [esp+4]
    50 0000003B 8B7C2410                        mov edi, [esp+16]
    51                                      first_loop_s4:
    52 0000003F A4                              movsb
    53 00000040 46                              inc esi
    54 00000041 47                              inc edi
    55 00000042 49                              dec ecx
    56 00000043 E302                            jecxz end_first_loop_s4
    57 00000045 E2F8                            loop first_loop_s4
    58                                          
    59                                      end_first_loop_s4:
    60                                          
    61 00000047 8B4C2414                        mov ecx, [esp+20]
    62 0000004B E312                            jecxz final
    63 0000004D 8B742408                        mov esi, [esp+8]
    64 00000051 46                              inc esi
    65 00000052 8B7C2410                        mov edi, [esp+16]
    66 00000056 47                              inc edi
    67                                      second_loop_s4:
    68 00000057 A4                              movsb
    69 00000058 46                              inc esi
    70 00000059 47                              inc edi
    71 0000005A 49                              dec ecx
    72 0000005B E302                            jecxz end_second_loop_s4
    73 0000005D E2F8                            loop second_loop_s4
    74                                     
    75                                      end_second_loop_s4:
    76                                      
    77                                      final:
    78                                      
    79 0000005F 83C40C                          add esp, 12
    80 00000062 54                              push dword esp
    81 00000063 68[00000000]                    push dword format_string
    82 00000068 E8(00000000)                    call _printf
    83 0000006D 83C408                          add esp, 4*2
    84                                          
    85 00000070 89EC                            mov esp, ebp
    86 00000072 5D                              pop ebp
    87 00000073 8B44240C                        mov eax, [esp+12]
    88 00000077 C3                             ret
