     1                                  bits 32
     2                                  global interlacing
     3                                  segment code use32 public code
     4                                  
     5                                  interlacing:
     6                                          ; s1 = esp + 4
     7                                          ; s2 = esp + 8
     8                                          ; s3 = esp + 12
     9                                          ; s4 = esp + 16
    10                                          ; lens = esp + 20
    11 00000000 8B4C2414                        mov ecx, [esp+20]
    12 00000004 E356                            jecxz final
    13 00000006 8B742408                        mov esi, [esp+8]
    14 0000000A 8B7C240C                        mov edi, [esp+12]
    15                                      first_loop_s3:
    16 0000000E A4                              movsb
    17 0000000F 46                              inc esi
    18 00000010 47                              inc edi
    19 00000011 49                              dec ecx
    20 00000012 E302                            jecxz end_first_loop_s3
    21 00000014 E2F8                            loop first_loop_s3
    22                                          
    23                                      end_first_loop_s3:
    24                                          
    25 00000016 8B4C2414                        mov ecx, [esp+20]
    26 0000001A E340                            jecxz final
    27 0000001C 8B742404                        mov esi, [esp+4]
    28 00000020 46                              inc esi
    29 00000021 8B7C240C                        mov edi, [esp+12]
    30 00000025 47                              inc edi
    31                                      second_loop_s3:
    32 00000026 A4                              movsb
    33 00000027 46                              inc esi
    34 00000028 47                              inc edi
    35 00000029 49                              dec ecx
    36 0000002A E302                            jecxz end_second_loop_s3
    37 0000002C E2F8                            loop second_loop_s3
    38                                      
    39                                      end_second_loop_s3:
    40                                      
    41 0000002E 8B4C2414                    mov ecx, [esp+20]
    42 00000032 E328                            jecxz final
    43 00000034 8B742404                        mov esi, [esp+4]
    44 00000038 8B7C2410                        mov edi, [esp+16]
    45                                      first_loop_s4:
    46 0000003C A4                              movsb
    47 0000003D 46                              inc esi
    48 0000003E 47                              inc edi
    49 0000003F 49                              dec ecx
    50 00000040 E302                            jecxz end_first_loop_s4
    51 00000042 E2F8                            loop first_loop_s4
    52                                          
    53                                      end_first_loop_s4:
    54                                          
    55 00000044 8B4C2414                        mov ecx, [esp+20]
    56 00000048 E312                            jecxz final
    57 0000004A 8B742408                        mov esi, [esp+8]
    58 0000004E 46                              inc esi
    59 0000004F 8B7C2410                        mov edi, [esp+16]
    60 00000053 47                              inc edi
    61                                      second_loop_s4:
    62 00000054 A4                              movsb
    63 00000055 46                              inc esi
    64 00000056 47                              inc edi
    65 00000057 49                              dec ecx
    66 00000058 E302                            jecxz end_second_loop_s4
    67 0000005A E2F8                            loop second_loop_s4
    68                                     
    69                                      end_second_loop_s4:
    70                                      
    71                                      final:
    72 0000005C C21400                          ret 4*5
    73                                     
